*** Using Compiler 'V5.06 update 5 (build 528)', folder: 'D:\Keil_v5\ARM\ARMCC\Bin'
Rebuild target 'ble_simple_peripheral'
compiling protocol_fd.c...
compiling button.c...
compiling ble_function.c...
code\ble_function.c(2416): error:  #167: argument of type "uint8_t *" is incompatible with parameter of type "uint16_t *"
  	BleFunc_StripTime6_ForMcu(&payload, &len);
code\ble_function.c(2730): error:  #167: argument of type "uint8_t *" is incompatible with parameter of type "uint16_t *"
  	BleFunc_StripTime6_ForMcu(&payload, &len);
code\ble_function.c(2814): error:  #167: argument of type "uint8_t *" is incompatible with parameter of type "uint16_t *"
  	BleFunc_StripTime6_ForMcu(&payload, &len);
code\ble_function.c(2897): error:  #167: argument of type "uint8_t *" is incompatible with parameter of type "uint16_t *"
  	BleFunc_StripTime6_ForMcu(&payload, &len);
code\ble_function.c: 0 warnings, 4 errors
compiling flash_op.c...
compiling scanner.c...
code\scanner.c(87): warning:  #177-D: variable "mac"  was declared but never referenced
      uint8_t *mac = g_scanner_instance->scan_mac;
code\scanner.c: 1 warning, 0 errors
compiling phone_reply.c...
compiling protocol_fe.c...
compiling base_ble.c...
compiling tpms_demo.c...
compiling rssi_check.c...
compiling user_task.c...
compiling ble_simple_peripheral.c...
code\ble_simple_peripheral.c(36): warning:  #550-D: variable "g_link_encrypted"  was set but never used
  static uint8_t g_link_encrypted[SP_MAX_CONN_NUM] = {0};
code\ble_simple_peripheral.c(73): warning:  #177-D: function "sp_hex_digit"  was declared but never referenced
  static uint8_t sp_hex_digit(uint8_t v)
code\ble_simple_peripheral.c: 2 warnings, 0 errors
compiling TPMS.c...
code\TPMS.c(237): warning:  #177-D: function "tpms_learn_find_or_alloc"  was declared but never referenced
  static tpms_learn_cand_t *tpms_learn_find_or_alloc(uint32_t sensor_id, const uint8_t mac_le[6])
code\TPMS.c(319): warning:  #177-D: function "pick_slot_by_frame"  was declared but never referenced
  static int pick_slot_by_frame(const TPMS_Frame *f, const uint8_t mac_le[6])
code\TPMS.c: 2 warnings, 0 errors
compiling proj_main.c...
compiling protocol.c...
compiling tpms_logic.c...
compiling usart_device.c...
compiling simple_gatt_service.c...
components\ble\profiles\ble_simple_profile\simple_gatt_service.c(277): warning:  #177-D: function "hid_ntf_input_report"  was declared but never referenced
  static void hid_ntf_input_report(uint8_t con_idx, const uint8_t *data, uint16_t len)
components\ble\profiles\ble_simple_profile\simple_gatt_service.c: 1 warning, 0 errors
compiling param_sync.c...
..\code\param_sync.c(153): warning:  #223-D: function "gap_get_connect_status" declared implicitly
  	if (gap_get_connect_status(conidx) == 0) {
..\code\param_sync.c(175): warning:  #223-D: function "gap_get_connect_status" declared implicitly
  		if (gap_get_connect_status(conidx) == 0) {
..\code\param_sync.c: 2 warnings, 0 errors
compiling aes_cbc.c...
compiling driver_keyscan.c...
compiling driver_pmu_qdec.c...
compiling en_de_algo.c...
..\code\en_de_algo.c(530): warning:  #550-D: variable "mid_buf"  was set but never used
      uint8_t mid_buf[64];
..\code\en_de_algo.c: 1 warning, 0 errors
compiling driver_rtc.c...
compiling driver_iic.c...
compiling driver_uart.c...
compiling driver_pmu.c...
compiling driver_wdt.c...
assembling app_boot_vectors.s...
compiling driver_i2s.c...
compiling driver_exti.c...
compiling driver_efuse.c...
compiling driver_timer.c...
compiling core_cm3_isr.c...
compiling patch.c...
".\Objects\ble_simple_peripheral.axf" - 4 Error(s), 9 Warning(s).
Target not created.
Build Time Elapsed:  00:00:04
